The system is: Windows - 10.0.22621 - AMD64
Compiling the C compiler identification source file "CMakeCCompilerId.c" succeeded.
Compiler: D:/Program Files (x86)/Microsoft Visual Studio/2022/BuildTools/VC/Tools/MSVC/14.35.32215/bin/Hostx64/x86/cl.exe 
Build flags: 
Id flags:  

The output was:
0
Microsoft (R) C/C++ Optimizing Compiler Versão 19.35.32216.1 para x86
Copyright (C) Microsoft Corporation. Todos os direitos reservados.

CMakeCCompilerId.c
Microsoft (R) Incremental Linker Version 14.35.32216.1
Copyright (C) Microsoft Corporation.  All rights reserved.

/out:CMakeCCompilerId.exe 
CMakeCCompilerId.obj 


Compilation of the C compiler identification source "CMakeCCompilerId.c" produced "CMakeCCompilerId.exe"

Compilation of the C compiler identification source "CMakeCCompilerId.c" produced "CMakeCCompilerId.obj"

The C compiler identification is MSVC, found in "D:/dev/projects/Linguagem-Programacao/2023/Simpletron-C/cmake-build-debug/CMakeFiles/3.23.2/CompilerIdC/CMakeCCompilerId.exe"

Detecting C compiler ABI info compiled with the following output:
Change Dir: D:/dev/projects/Linguagem-Programacao/2023/Simpletron-C/cmake-build-debug/CMakeFiles/CMakeTmp

Run Build Command(s):D:/Program Files/JetBrains/CLion 2022.2/bin/ninja/win/ninja.exe cmTC_f5d55 && [1/2] Building C object CMakeFiles\cmTC_f5d55.dir\CMakeCCompilerABI.c.obj
Observação: incluindo arquivo: D:\Program Files\JetBrains\CLion 2022.2\bin\cmake\win\share\cmake-3.23\Modules\CMakeCompilerABI.h
[2/2] Linking C executable cmTC_f5d55.exe



