The system is: Windows - 10.0.22621 - AMD64
The system is: Windows - 10.0.22621 - AMD64
Compiling the C compiler identification source file "CMakeCCompilerId.c" succeeded.
Compiler:  
Build flags: 
Id flags:  

The output was:
0
MSBuild version 17.5.1+f6fdcf537 for .NET Framework
Compilação de 08/04/2023 19:19:34 iniciada.
Included response file: D:\Program Files (x86)\Microsoft Visual Studio\2022\BuildTools\MSBuild\Current\Bin\amd64\MSBuild.rsp

Projeto "D:\dev\projects\Linguagem-Programacao\2023\Simpletron-C\2023\Simpletron\build\CMakeFiles\3.24.2\CompilerIdC\CompilerIdC.vcxproj" no nó 1 (destinos padrão).
PrepareForBuild:
  Criando o diretório "Debug\".
  Criando o diretório "Debug\CompilerIdC.tlog\".
InitializeBuildStatus:
  Criando "Debug\CompilerIdC.tlog\unsuccessfulbuild" porque "AlwaysCreate" foi especificado.
ClCompile:
  D:\Program Files (x86)\Microsoft Visual Studio\2022\BuildTools\VC\Tools\MSVC\14.35.32215\bin\HostX64\x64\CL.exe /c /nologo /W0 /WX- /diagnostics:column /Od /D _MBCS /Gm- /EHsc /RTC1 /MDd /GS /fp:precise /Zc:wchar_t /Zc:forScope /Zc:inline /Fo"Debug\\" /Fd"Debug\vc143.pdb" /external:W0 /Gd /TC /FC /errorReport:queue CMakeCCompilerId.c
  CMakeCCompilerId.c
Link:
  D:\Program Files (x86)\Microsoft Visual Studio\2022\BuildTools\VC\Tools\MSVC\14.35.32215\bin\HostX64\x64\link.exe /ERRORREPORT:QUEUE /OUT:".\CompilerIdC.exe" /INCREMENTAL:NO /NOLOGO kernel32.lib user32.lib gdi32.lib winspool.lib comdlg32.lib advapi32.lib shell32.lib ole32.lib oleaut32.lib uuid.lib odbc32.lib odbccp32.lib /MANIFEST /MANIFESTUAC:"level='asInvoker' uiAccess='false'" /manifest:embed /PDB:".\CompilerIdC.pdb" /SUBSYSTEM:CONSOLE /TLBID:1 /DYNAMICBASE /NXCOMPAT /IMPLIB:".\CompilerIdC.lib" /MACHINE:X64 Debug\CMakeCCompilerId.obj
  CompilerIdC.vcxproj -> D:\dev\projects\Linguagem-Programacao\2023\Simpletron-C\2023\Simpletron\build\CMakeFiles\3.24.2\CompilerIdC\CompilerIdC.exe
PostBuildEvent:
  for %%i in (cl.exe) do @echo CMAKE_C_COMPILER=%%~$PATH:i
  :VCEnd
  CMAKE_C_COMPILER=D:\Program Files (x86)\Microsoft Visual Studio\2022\BuildTools\VC\Tools\MSVC\14.35.32215\bin\Hostx64\x64\cl.exe
FinalizeBuildStatus:
  Excluindo o arquivo "Debug\CompilerIdC.tlog\unsuccessfulbuild".
  Tocando "Debug\CompilerIdC.tlog\CompilerIdC.lastbuildstate".
Projeto de compilação pronto "D:\dev\projects\Linguagem-Programacao\2023\Simpletron-C\2023\Simpletron\build\CMakeFiles\3.24.2\CompilerIdC\CompilerIdC.vcxproj" (destinos padrão).

Compilação com êxito.
    0 Aviso(s)
    0 Erro(s)

Tempo Decorrido 00:00:05.32


Compilation of the C compiler identification source "CMakeCCompilerId.c" produced "CompilerIdC.exe"

Compilation of the C compiler identification source "CMakeCCompilerId.c" produced "CompilerIdC.vcxproj"

The C compiler identification is MSVC, found in "D:/dev/projects/Linguagem-Programacao/2023/Simpletron-C/2023/Simpletron/build/CMakeFiles/3.24.2/CompilerIdC/CompilerIdC.exe"

Detecting C compiler ABI info compiled with the following output:
Change Dir: D:/dev/projects/Linguagem-Programacao/2023/Simpletron-C/2023/Simpletron/build/CMakeFiles/CMakeTmp

Run Build Command(s):D:/Program Files (x86)/Microsoft Visual Studio/2022/BuildTools/MSBuild/Current/Bin/amd64/MSBuild.exe cmTC_dbac7.vcxproj /p:Configuration=Debug /p:Platform=x64 /p:VisualStudioVersion=17.0 /v:m && MSBuild version 17.5.1+f6fdcf537 for .NET Framework

  Microsoft (R) C/C++ Optimizing Compiler Versão 19.35.32216.1 para x64
  Copyright (C) Microsoft Corporation. Todos os direitos reservados.
  CMakeCCompilerABI.c
  cl /c /Zi /W1 /WX- /diagnostics:column /Od /Ob0 /D _MBCS /D WIN32 /D _WINDOWS /D "CMAKE_INTDIR=\"Debug\"" /Gm- /RTC1 /MDd /GS /fp:precise /Zc:wchar_t /Zc:forScope /Zc:inline /Fo"cmTC_dbac7.dir\Debug\\" /Fd"cmTC_dbac7.dir\Debug\vc143.pdb" /external:W1 /Gd /TC /errorReport:queue "C:\Program Files\CMake\share\cmake-3.24\Modules\CMakeCCompilerABI.c"
  cmTC_dbac7.vcxproj -> D:\dev\projects\Linguagem-Programacao\2023\Simpletron-C\2023\Simpletron\build\CMakeFiles\CMakeTmp\Debug\cmTC_dbac7.exe



