The system is: Windows - 10.0.22621 - AMD64
Compiling the C compiler identification source file "CMakeCCompilerId.c" succeeded.
Compiler: E:/Program Files (x86)/Microsoft Visual Studio/2022/BuildTools/VC/Tools/MSVC/14.34.31933/bin/Hostx86/x64/cl.exe 
Build flags: 
Id flags:  

The output was:
0
Microsoft (R) C/C++ Optimizing Compiler Versão 19.34.31937 para x64
Copyright (C) Microsoft Corporation. Todos os direitos reservados.

CMakeCCompilerId.c
Microsoft (R) Incremental Linker Version 14.34.31937.0
Copyright (C) Microsoft Corporation.  All rights reserved.

/out:CMakeCCompilerId.exe 
CMakeCCompilerId.obj 


Compilation of the C compiler identification source "CMakeCCompilerId.c" produced "CMakeCCompilerId.exe"

Compilation of the C compiler identification source "CMakeCCompilerId.c" produced "CMakeCCompilerId.obj"

The C compiler identification is MSVC, found in "E:/dev/projects/Linguagem-Programacao/2023/Simpletron/cmake-build-debug/CMakeFiles/3.24.2/CompilerIdC/CMakeCCompilerId.exe"

Detecting C compiler ABI info compiled with the following output:
Change Dir: E:/dev/projects/Linguagem-Programacao/2023/Simpletron/cmake-build-debug/CMakeFiles/CMakeTmp

Run Build Command(s):E:/Program Files/JetBrains/CLion 2022.3.2/bin/ninja/win/x64/ninja.exe cmTC_9b41e && [1/2] Building C object CMakeFiles\cmTC_9b41e.dir\CMakeCCompilerABI.c.obj
Observação: incluindo arquivo: E:\Program Files\JetBrains\CLion 2022.3.2\bin\cmake\win\x64\share\cmake-3.24\Modules\CMakeCompilerABI.h
[2/2] Linking C executable cmTC_9b41e.exe



